<?xml version="1.0" encoding="UTF-8"?>
<!-- Generated by org.testng.reporters.JUnitReportReporter -->
<testsuite hostname="DESKTOP-V1DBEFP" name="Demo.Sele.AppTest" tests="1" failures="0" timestamp="5 Mar 2017 08:25:42 GMT" time="0.089" errors="0">
  <testcase name="testApp" time="0.089" classname="Demo.Sele.AppTest"/>
</testsuite> <!-- Demo.Sele.AppTest -->
